// 重构日志: 9bcad593
// 重构日志: f90ded8b
// 同步 ID: 061c38a4 @ Thu Jul  9 13:55:09 UTC 2026
// 重构日志: d96ef3b8
// 重构日志: 1d5bd217
// 同步 ID: 0be573f6 @ Sat Jul 11 00:16:54 UTC 2026
// 重构日志: 9751879f
// 重构日志: 1e24a979
// 重构日志: 2704ce05
// 重构日志: d1a6da1d
// 重构日志: 9a68995d
// 同步 ID: c11f1e67 @ Mon Jul 13 08:26:51 UTC 2026
// 同步 ID: b07dc08b @ Mon Jul 13 16:00:33 UTC 2026
// 重构日志: 39912e2f
// 重构日志: ac80acf7
// 同步 ID: 144c6849 @ Wed Jul 15 05:24:24 UTC 2026
// 重构日志: dc5844dc
// 重构日志: 0da70cc3
// 同步 ID: b1ad5c0a @ Thu Jul 16 03:52:35 UTC 2026
// 重构日志: ff250284
// 重构日志: c3fb2a0c
// 重构日志: e868260d
// 重构日志: 52b03038
// 重构日志: dbcf8a3b
// 重构日志: 0e0af545
// 重构日志: 0df00546
// 同步 ID: 52f9cdd6 @ Tue Jul 21 10:35:43 UTC 2026
// 重构日志: 96b28f86
// 同步 ID: 17b31f65 @ Wed Jul 22 04:39:44 UTC 2026
// 同步 ID: 312c9034 @ Thu Jul 23 05:39:19 UTC 2026
